<?xml version="1.0" encoding="UTF-8"?>
<coverage generated="1664854277680" clover="3.2.0">
  <project timestamp="1664854277681" name="All files">
    <metrics statements="117" coveredstatements="117" conditionals="64" coveredconditionals="64" methods="55" coveredmethods="55" elements="236" coveredelements="236" complexity="0" loc="117" ncloc="117" packages="2" files="7" classes="7"/>
    <package name="date-master">
      <metrics statements="78" coveredstatements="78" conditionals="44" coveredconditionals="44" methods="37" coveredmethods="37"/>
      <file name="unitTestingTaskES6.js" path="/Users/vklosovych/Desktop/date-master/unitTestingTaskES6.js">
        <metrics statements="78" coveredstatements="78" conditionals="44" coveredconditionals="44" methods="37" coveredmethods="37"/>
        <line num="3" count="7" type="stmt"/>
        <line num="13" count="37" type="cond" truecount="1" falsecount="0"/>
        <line num="15" count="7" type="stmt"/>
        <line num="16" count="7" type="stmt"/>
        <line num="17" count="3" type="stmt"/>
        <line num="18" count="96" type="stmt"/>
        <line num="19" count="85" type="stmt"/>
        <line num="20" count="7" type="stmt"/>
        <line num="21" count="3" type="stmt"/>
        <line num="22" count="43" type="stmt"/>
        <line num="23" count="37" type="stmt"/>
        <line num="24" count="1" type="stmt"/>
        <line num="25" count="6" type="stmt"/>
        <line num="26" count="62" type="stmt"/>
        <line num="27" count="1" type="stmt"/>
        <line num="28" count="2" type="stmt"/>
        <line num="29" count="4" type="cond" truecount="2" falsecount="0"/>
        <line num="30" count="2" type="cond" truecount="2" falsecount="0"/>
        <line num="31" count="4" type="stmt"/>
        <line num="32" count="2" type="stmt"/>
        <line num="33" count="4" type="stmt"/>
        <line num="34" count="1" type="stmt"/>
        <line num="35" count="2" type="stmt"/>
        <line num="36" count="3" type="stmt"/>
        <line num="37" count="10" type="stmt"/>
        <line num="38" count="2" type="stmt"/>
        <line num="40" count="3" type="stmt"/>
        <line num="41" count="3" type="stmt"/>
        <line num="42" count="3" type="stmt"/>
        <line num="43" count="3" type="cond" truecount="2" falsecount="0"/>
        <line num="45" count="3" type="cond" truecount="2" falsecount="0"/>
        <line num="47" count="3" type="stmt"/>
        <line num="49" count="1" type="stmt"/>
        <line num="52" count="7" type="stmt"/>
        <line num="54" count="7" type="stmt"/>
        <line num="55" count="175" type="stmt"/>
        <line num="57" count="7" type="stmt"/>
        <line num="97" count="7" type="stmt"/>
        <line num="98" count="322" type="cond" truecount="4" falsecount="0"/>
        <line num="99" count="1" type="stmt"/>
        <line num="102" count="321" type="cond" truecount="6" falsecount="0"/>
        <line num="103" count="1" type="stmt"/>
        <line num="106" count="320" type="cond" truecount="4" falsecount="0"/>
        <line num="108" count="320" type="stmt"/>
        <line num="110" count="390" type="cond" truecount="2" falsecount="0"/>
        <line num="118" count="7" type="stmt"/>
        <line num="128" count="7" type="stmt"/>
        <line num="129" count="367" type="cond" truecount="2" falsecount="0"/>
        <line num="130" count="280" type="stmt"/>
        <line num="133" count="87" type="cond" truecount="2" falsecount="0"/>
        <line num="134" count="46" type="cond" truecount="4" falsecount="0"/>
        <line num="135" count="5" type="stmt"/>
        <line num="136" count="41" type="cond" truecount="2" falsecount="0"/>
        <line num="137" count="34" type="stmt"/>
        <line num="138" count="34" type="stmt"/>
        <line num="141" count="46" type="stmt"/>
        <line num="144" count="41" type="stmt"/>
        <line num="145" count="41" type="stmt"/>
        <line num="146" count="41" type="stmt"/>
        <line num="150" count="7" type="stmt"/>
        <line num="153" count="2" type="stmt"/>
        <line num="157" count="1" type="stmt"/>
        <line num="163" count="4" type="cond" truecount="2" falsecount="0"/>
        <line num="164" count="2" type="cond" truecount="2" falsecount="0"/>
        <line num="166" count="2" type="cond" truecount="2" falsecount="0"/>
        <line num="176" count="29" type="stmt"/>
        <line num="177" count="6" type="cond" truecount="3" falsecount="0"/>
        <line num="178" count="6" type="stmt"/>
        <line num="186" count="7" type="stmt"/>
        <line num="206" count="7" type="stmt"/>
        <line num="207" count="29" type="stmt"/>
        <line num="208" count="29" type="stmt"/>
        <line num="216" count="7" type="stmt"/>
        <line num="219" count="7" type="stmt"/>
        <line num="220" count="7" type="stmt"/>
        <line num="221" count="7" type="stmt"/>
        <line num="222" count="7" type="stmt"/>
        <line num="224" count="7" type="stmt"/>
      </file>
    </package>
    <package name="date-master.lang">
      <metrics statements="39" coveredstatements="39" conditionals="20" coveredconditionals="20" methods="18" coveredmethods="18"/>
      <file name="cs.js" path="/Users/vklosovych/Desktop/date-master/lang/cs.js">
        <metrics statements="9" coveredstatements="9" conditionals="6" coveredconditionals="6" methods="4" coveredmethods="4"/>
        <line num="1" count="7" type="stmt"/>
        <line num="2" count="8" type="stmt"/>
        <line num="8" count="22" type="cond" truecount="2" falsecount="0"/>
        <line num="9" count="22" type="stmt"/>
        <line num="16" count="24" type="cond" truecount="2" falsecount="0"/>
        <line num="17" count="24" type="stmt"/>
        <line num="23" count="2" type="cond" truecount="2" falsecount="0"/>
        <line num="24" count="1" type="stmt"/>
        <line num="26" count="1" type="stmt"/>
      </file>
      <file name="languages.js" path="/Users/vklosovych/Desktop/date-master/lang/languages.js">
        <metrics statements="1" coveredstatements="1" conditionals="0" coveredconditionals="0" methods="0" coveredmethods="0"/>
        <line num="7" count="7" type="stmt"/>
      </file>
      <file name="pl.js" path="/Users/vklosovych/Desktop/date-master/lang/pl.js">
        <metrics statements="9" coveredstatements="9" conditionals="6" coveredconditionals="6" methods="4" coveredmethods="4"/>
        <line num="1" count="7" type="stmt"/>
        <line num="2" count="8" type="stmt"/>
        <line num="8" count="24" type="cond" truecount="2" falsecount="0"/>
        <line num="9" count="24" type="stmt"/>
        <line num="16" count="24" type="cond" truecount="2" falsecount="0"/>
        <line num="17" count="24" type="stmt"/>
        <line num="23" count="2" type="cond" truecount="2" falsecount="0"/>
        <line num="24" count="1" type="stmt"/>
        <line num="26" count="1" type="stmt"/>
      </file>
      <file name="tr.js" path="/Users/vklosovych/Desktop/date-master/lang/tr.js">
        <metrics statements="4" coveredstatements="4" conditionals="0" coveredconditionals="0" methods="3" coveredmethods="3"/>
        <line num="1" count="7" type="stmt"/>
        <line num="2" count="4" type="stmt"/>
        <line num="5" count="12" type="stmt"/>
        <line num="9" count="12" type="stmt"/>
      </file>
      <file name="tt.js" path="/Users/vklosovych/Desktop/date-master/lang/tt.js">
        <metrics statements="4" coveredstatements="4" conditionals="0" coveredconditionals="0" methods="3" coveredmethods="3"/>
        <line num="1" count="7" type="stmt"/>
        <line num="2" count="4" type="stmt"/>
        <line num="5" count="12" type="stmt"/>
        <line num="9" count="12" type="stmt"/>
      </file>
      <file name="uk.js" path="/Users/vklosovych/Desktop/date-master/lang/uk.js">
        <metrics statements="12" coveredstatements="12" conditionals="8" coveredconditionals="8" methods="4" coveredmethods="4"/>
        <line num="1" count="7" type="stmt"/>
        <line num="2" count="10" type="stmt"/>
        <line num="8" count="24" type="cond" truecount="2" falsecount="0"/>
        <line num="9" count="24" type="stmt"/>
        <line num="13" count="12" type="stmt"/>
        <line num="19" count="4" type="cond" truecount="2" falsecount="0"/>
        <line num="20" count="1" type="stmt"/>
        <line num="21" count="3" type="cond" truecount="2" falsecount="0"/>
        <line num="22" count="1" type="stmt"/>
        <line num="23" count="2" type="cond" truecount="2" falsecount="0"/>
        <line num="24" count="1" type="stmt"/>
        <line num="26" count="1" type="stmt"/>
      </file>
    </package>
  </project>
</coverage>
