{"/Users/vklosovych/Desktop/date-master/unitTestingTaskES6.js": {"path":"/Users/vklosovych/Desktop/date-master/unitTestingTaskES6.js","statementMap":{"0":{"start":{"line":3,"column":17},"end":{"line":225,"column":1}},"1":{"start":{"line":13,"column":26},"end":{"line":13,"column":84}},"2":{"start":{"line":13,"column":49},"end":{"line":13,"column":84}},"3":{"start":{"line":15,"column":19},"end":{"line":50,"column":5}},"4":{"start":{"line":16,"column":24},"end":{"line":16,"column":42}},"5":{"start":{"line":17,"column":22},"end":{"line":17,"column":61}},"6":{"start":{"line":18,"column":32},"end":{"line":18,"column":86}},"7":{"start":{"line":19,"column":31},"end":{"line":19,"column":90}},"8":{"start":{"line":20,"column":22},"end":{"line":20,"column":56}},"9":{"start":{"line":21,"column":21},"end":{"line":21,"column":40}},"10":{"start":{"line":22,"column":23},"end":{"line":22,"column":80}},"11":{"start":{"line":23,"column":22},"end":{"line":23,"column":84}},"12":{"start":{"line":24,"column":21},"end":{"line":24,"column":81}},"13":{"start":{"line":25,"column":22},"end":{"line":25,"column":51}},"14":{"start":{"line":26,"column":21},"end":{"line":26,"column":35}},"15":{"start":{"line":27,"column":22},"end":{"line":27,"column":52}},"16":{"start":{"line":28,"column":21},"end":{"line":28,"column":36}},"17":{"start":{"line":29,"column":22},"end":{"line":29,"column":63}},"18":{"start":{"line":30,"column":21},"end":{"line":30,"column":47}},"19":{"start":{"line":31,"column":22},"end":{"line":31,"column":54}},"20":{"start":{"line":32,"column":21},"end":{"line":32,"column":38}},"21":{"start":{"line":33,"column":22},"end":{"line":33,"column":54}},"22":{"start":{"line":34,"column":21},"end":{"line":34,"column":38}},"23":{"start":{"line":35,"column":22},"end":{"line":35,"column":62}},"24":{"start":{"line":36,"column":21},"end":{"line":36,"column":43}},"25":{"start":{"line":37,"column":21},"end":{"line":37,"column":87}},"26":{"start":{"line":38,"column":21},"end":{"line":38,"column":86}},"27":{"start":{"line":40,"column":23},"end":{"line":40,"column":47}},"28":{"start":{"line":41,"column":26},"end":{"line":41,"column":55}},"29":{"start":{"line":42,"column":25},"end":{"line":42,"column":32}},"30":{"start":{"line":43,"column":25},"end":{"line":43,"column":43}},"31":{"start":{"line":45,"column":12},"end":{"line":45,"column":40}},"32":{"start":{"line":47,"column":12},"end":{"line":47,"column":86}},"33":{"start":{"line":49,"column":21},"end":{"line":49,"column":47}},"34":{"start":{"line":52,"column":28},"end":{"line":52,"column":30}},"35":{"start":{"line":54,"column":4},"end":{"line":56,"column":5}},"36":{"start":{"line":55,"column":8},"end":{"line":55,"column":40}},"37":{"start":{"line":57,"column":19},"end":{"line":57,"column":62}},"38":{"start":{"line":97,"column":28},"end":{"line":111,"column":5}},"39":{"start":{"line":98,"column":8},"end":{"line":100,"column":9}},"40":{"start":{"line":99,"column":12},"end":{"line":99,"column":70}},"41":{"start":{"line":102,"column":8},"end":{"line":104,"column":9}},"42":{"start":{"line":103,"column":12},"end":{"line":103,"column":112}},"43":{"start":{"line":106,"column":19},"end":{"line":106,"column":83}},"44":{"start":{"line":108,"column":8},"end":{"line":108,"column":35}},"45":{"start":{"line":110,"column":8},"end":{"line":110,"column":154}},"46":{"start":{"line":110,"column":127},"end":{"line":110,"column":152}},"47":{"start":{"line":118,"column":20},"end":{"line":118,"column":51}},"48":{"start":{"line":128,"column":17},"end":{"line":147,"column":5}},"49":{"start":{"line":129,"column":8},"end":{"line":131,"column":9}},"50":{"start":{"line":130,"column":12},"end":{"line":130,"column":37}},"51":{"start":{"line":133,"column":8},"end":{"line":142,"column":9}},"52":{"start":{"line":134,"column":12},"end":{"line":139,"column":13}},"53":{"start":{"line":135,"column":16},"end":{"line":135,"column":41}},"54":{"start":{"line":136,"column":19},"end":{"line":139,"column":13}},"55":{"start":{"line":137,"column":16},"end":{"line":137,"column":49}},"56":{"start":{"line":138,"column":16},"end":{"line":138,"column":40}},"57":{"start":{"line":141,"column":12},"end":{"line":141,"column":37}},"58":{"start":{"line":144,"column":8},"end":{"line":144,"column":34}},"59":{"start":{"line":145,"column":8},"end":{"line":145,"column":33}},"60":{"start":{"line":146,"column":8},"end":{"line":146,"column":33}},"61":{"start":{"line":150,"column":4},"end":{"line":169,"column":7}},"62":{"start":{"line":153,"column":12},"end":{"line":153,"column":49}},"63":{"start":{"line":157,"column":12},"end":{"line":157,"column":54}},"64":{"start":{"line":163,"column":12},"end":{"line":167,"column":13}},"65":{"start":{"line":164,"column":16},"end":{"line":164,"column":45}},"66":{"start":{"line":166,"column":16},"end":{"line":166,"column":45}},"67":{"start":{"line":176,"column":28},"end":{"line":179,"column":5}},"68":{"start":{"line":176,"column":38},"end":{"line":179,"column":5}},"69":{"start":{"line":177,"column":18},"end":{"line":177,"column":79}},"70":{"start":{"line":178,"column":8},"end":{"line":178,"column":40}},"71":{"start":{"line":186,"column":23},"end":{"line":186,"column":55}},"72":{"start":{"line":206,"column":21},"end":{"line":209,"column":5}},"73":{"start":{"line":207,"column":8},"end":{"line":207,"column":51}},"74":{"start":{"line":208,"column":8},"end":{"line":208,"column":32}},"75":{"start":{"line":216,"column":4},"end":{"line":216,"column":80}},"76":{"start":{"line":216,"column":39},"end":{"line":216,"column":79}},"77":{"start":{"line":219,"column":4},"end":{"line":219,"column":38}},"78":{"start":{"line":220,"column":4},"end":{"line":220,"column":36}},"79":{"start":{"line":221,"column":4},"end":{"line":221,"column":51}},"80":{"start":{"line":222,"column":4},"end":{"line":222,"column":54}},"81":{"start":{"line":224,"column":4},"end":{"line":224,"column":27}}},"fnMap":{"0":{"name":"(anonymous_0)","decl":{"start":{"line":3,"column":17},"end":{"line":3,"column":18}},"loc":{"start":{"line":3,"column":23},"end":{"line":225,"column":1}},"line":3},"1":{"name":"(anonymous_1)","decl":{"start":{"line":13,"column":26},"end":{"line":13,"column":27}},"loc":{"start":{"line":13,"column":49},"end":{"line":13,"column":84}},"line":13},"2":{"name":"(anonymous_2)","decl":{"start":{"line":16,"column":14},"end":{"line":16,"column":15}},"loc":{"start":{"line":16,"column":24},"end":{"line":16,"column":42}},"line":16},"3":{"name":"(anonymous_3)","decl":{"start":{"line":17,"column":12},"end":{"line":17,"column":13}},"loc":{"start":{"line":17,"column":22},"end":{"line":17,"column":61}},"line":17},"4":{"name":"(anonymous_4)","decl":{"start":{"line":18,"column":14},"end":{"line":18,"column":15}},"loc":{"start":{"line":18,"column":32},"end":{"line":18,"column":86}},"line":18},"5":{"name":"(anonymous_5)","decl":{"start":{"line":19,"column":13},"end":{"line":19,"column":14}},"loc":{"start":{"line":19,"column":31},"end":{"line":19,"column":90}},"line":19},"6":{"name":"(anonymous_6)","decl":{"start":{"line":20,"column":12},"end":{"line":20,"column":13}},"loc":{"start":{"line":20,"column":22},"end":{"line":20,"column":56}},"line":20},"7":{"name":"(anonymous_7)","decl":{"start":{"line":21,"column":11},"end":{"line":21,"column":12}},"loc":{"start":{"line":21,"column":21},"end":{"line":21,"column":40}},"line":21},"8":{"name":"(anonymous_8)","decl":{"start":{"line":22,"column":13},"end":{"line":22,"column":14}},"loc":{"start":{"line":22,"column":23},"end":{"line":22,"column":80}},"line":22},"9":{"name":"(anonymous_9)","decl":{"start":{"line":23,"column":12},"end":{"line":23,"column":13}},"loc":{"start":{"line":23,"column":22},"end":{"line":23,"column":84}},"line":23},"10":{"name":"(anonymous_10)","decl":{"start":{"line":24,"column":11},"end":{"line":24,"column":12}},"loc":{"start":{"line":24,"column":21},"end":{"line":24,"column":81}},"line":24},"11":{"name":"(anonymous_11)","decl":{"start":{"line":25,"column":12},"end":{"line":25,"column":13}},"loc":{"start":{"line":25,"column":22},"end":{"line":25,"column":51}},"line":25},"12":{"name":"(anonymous_12)","decl":{"start":{"line":26,"column":11},"end":{"line":26,"column":12}},"loc":{"start":{"line":26,"column":21},"end":{"line":26,"column":35}},"line":26},"13":{"name":"(anonymous_13)","decl":{"start":{"line":27,"column":12},"end":{"line":27,"column":13}},"loc":{"start":{"line":27,"column":22},"end":{"line":27,"column":52}},"line":27},"14":{"name":"(anonymous_14)","decl":{"start":{"line":28,"column":11},"end":{"line":28,"column":12}},"loc":{"start":{"line":28,"column":21},"end":{"line":28,"column":36}},"line":28},"15":{"name":"(anonymous_15)","decl":{"start":{"line":29,"column":12},"end":{"line":29,"column":13}},"loc":{"start":{"line":29,"column":22},"end":{"line":29,"column":63}},"line":29},"16":{"name":"(anonymous_16)","decl":{"start":{"line":30,"column":11},"end":{"line":30,"column":12}},"loc":{"start":{"line":30,"column":21},"end":{"line":30,"column":47}},"line":30},"17":{"name":"(anonymous_17)","decl":{"start":{"line":31,"column":12},"end":{"line":31,"column":13}},"loc":{"start":{"line":31,"column":22},"end":{"line":31,"column":54}},"line":31},"18":{"name":"(anonymous_18)","decl":{"start":{"line":32,"column":11},"end":{"line":32,"column":12}},"loc":{"start":{"line":32,"column":21},"end":{"line":32,"column":38}},"line":32},"19":{"name":"(anonymous_19)","decl":{"start":{"line":33,"column":12},"end":{"line":33,"column":13}},"loc":{"start":{"line":33,"column":22},"end":{"line":33,"column":54}},"line":33},"20":{"name":"(anonymous_20)","decl":{"start":{"line":34,"column":11},"end":{"line":34,"column":12}},"loc":{"start":{"line":34,"column":21},"end":{"line":34,"column":38}},"line":34},"21":{"name":"(anonymous_21)","decl":{"start":{"line":35,"column":12},"end":{"line":35,"column":13}},"loc":{"start":{"line":35,"column":22},"end":{"line":35,"column":62}},"line":35},"22":{"name":"(anonymous_22)","decl":{"start":{"line":36,"column":11},"end":{"line":36,"column":12}},"loc":{"start":{"line":36,"column":21},"end":{"line":36,"column":43}},"line":36},"23":{"name":"(anonymous_23)","decl":{"start":{"line":37,"column":11},"end":{"line":37,"column":12}},"loc":{"start":{"line":37,"column":21},"end":{"line":37,"column":87}},"line":37},"24":{"name":"(anonymous_24)","decl":{"start":{"line":38,"column":11},"end":{"line":38,"column":12}},"loc":{"start":{"line":38,"column":21},"end":{"line":38,"column":86}},"line":38},"25":{"name":"(anonymous_25)","decl":{"start":{"line":39,"column":12},"end":{"line":39,"column":13}},"loc":{"start":{"line":39,"column":41},"end":{"line":48,"column":9}},"line":39},"26":{"name":"(anonymous_26)","decl":{"start":{"line":49,"column":11},"end":{"line":49,"column":12}},"loc":{"start":{"line":49,"column":21},"end":{"line":49,"column":47}},"line":49},"27":{"name":"(anonymous_27)","decl":{"start":{"line":97,"column":28},"end":{"line":97,"column":29}},"loc":{"start":{"line":97,"column":46},"end":{"line":111,"column":5}},"line":97},"28":{"name":"(anonymous_28)","decl":{"start":{"line":110,"column":118},"end":{"line":110,"column":119}},"loc":{"start":{"line":110,"column":127},"end":{"line":110,"column":152}},"line":110},"29":{"name":"(anonymous_29)","decl":{"start":{"line":128,"column":40},"end":{"line":128,"column":41}},"loc":{"start":{"line":128,"column":59},"end":{"line":147,"column":5}},"line":128},"30":{"name":"(anonymous_30)","decl":{"start":{"line":152,"column":8},"end":{"line":152,"column":9}},"loc":{"start":{"line":152,"column":21},"end":{"line":154,"column":9}},"line":152},"31":{"name":"(anonymous_31)","decl":{"start":{"line":156,"column":8},"end":{"line":156,"column":9}},"loc":{"start":{"line":156,"column":26},"end":{"line":158,"column":9}},"line":156},"32":{"name":"(anonymous_32)","decl":{"start":{"line":162,"column":8},"end":{"line":162,"column":9}},"loc":{"start":{"line":162,"column":33},"end":{"line":168,"column":9}},"line":162},"33":{"name":"(anonymous_33)","decl":{"start":{"line":176,"column":28},"end":{"line":176,"column":29}},"loc":{"start":{"line":176,"column":38},"end":{"line":179,"column":5}},"line":176},"34":{"name":"(anonymous_34)","decl":{"start":{"line":176,"column":38},"end":{"line":176,"column":39}},"loc":{"start":{"line":176,"column":46},"end":{"line":179,"column":5}},"line":176},"35":{"name":"(anonymous_35)","decl":{"start":{"line":206,"column":48},"end":{"line":206,"column":49}},"loc":{"start":{"line":206,"column":66},"end":{"line":209,"column":5}},"line":206},"36":{"name":"(anonymous_36)","decl":{"start":{"line":216,"column":33},"end":{"line":216,"column":34}},"loc":{"start":{"line":216,"column":39},"end":{"line":216,"column":79}},"line":216}},"branchMap":{"0":{"loc":{"start":{"line":13,"column":34},"end":{"line":13,"column":44}},"type":"default-arg","locations":[{"start":{"line":13,"column":43},"end":{"line":13,"column":44}}],"line":13},"1":{"loc":{"start":{"line":29,"column":36},"end":{"line":29,"column":62}},"type":"binary-expr","locations":[{"start":{"line":29,"column":36},"end":{"line":29,"column":56}},{"start":{"line":29,"column":60},"end":{"line":29,"column":62}}],"line":29},"2":{"loc":{"start":{"line":30,"column":21},"end":{"line":30,"column":47}},"type":"binary-expr","locations":[{"start":{"line":30,"column":21},"end":{"line":30,"column":41}},{"start":{"line":30,"column":45},"end":{"line":30,"column":47}}],"line":30},"3":{"loc":{"start":{"line":43,"column":25},"end":{"line":43,"column":43}},"type":"cond-expr","locations":[{"start":{"line":43,"column":34},"end":{"line":43,"column":37}},{"start":{"line":43,"column":40},"end":{"line":43,"column":43}}],"line":43},"4":{"loc":{"start":{"line":45,"column":24},"end":{"line":45,"column":39}},"type":"binary-expr","locations":[{"start":{"line":45,"column":24},"end":{"line":45,"column":33}},{"start":{"line":45,"column":37},"end":{"line":45,"column":39}}],"line":45},"5":{"loc":{"start":{"line":98,"column":8},"end":{"line":100,"column":9}},"type":"if","locations":[{"start":{"line":98,"column":8},"end":{"line":100,"column":9}},{"start":{"line":98,"column":8},"end":{"line":100,"column":9}}],"line":98},"6":{"loc":{"start":{"line":98,"column":12},"end":{"line":98,"column":49}},"type":"binary-expr","locations":[{"start":{"line":98,"column":12},"end":{"line":98,"column":19}},{"start":{"line":98,"column":23},"end":{"line":98,"column":49}}],"line":98},"7":{"loc":{"start":{"line":102,"column":8},"end":{"line":104,"column":9}},"type":"if","locations":[{"start":{"line":102,"column":8},"end":{"line":104,"column":9}},{"start":{"line":102,"column":8},"end":{"line":104,"column":9}}],"line":102},"8":{"loc":{"start":{"line":102,"column":12},"end":{"line":102,"column":113}},"type":"binary-expr","locations":[{"start":{"line":102,"column":12},"end":{"line":102,"column":30}},{"start":{"line":102,"column":34},"end":{"line":102,"column":57}},{"start":{"line":102,"column":61},"end":{"line":102,"column":85}},{"start":{"line":102,"column":89},"end":{"line":102,"column":113}}],"line":102},"9":{"loc":{"start":{"line":106,"column":19},"end":{"line":106,"column":83}},"type":"cond-expr","locations":[{"start":{"line":106,"column":26},"end":{"line":106,"column":70}},{"start":{"line":106,"column":73},"end":{"line":106,"column":83}}],"line":106},"10":{"loc":{"start":{"line":106,"column":26},"end":{"line":106,"column":70}},"type":"cond-expr","locations":[{"start":{"line":106,"column":49},"end":{"line":106,"column":53}},{"start":{"line":106,"column":56},"end":{"line":106,"column":70}}],"line":106},"11":{"loc":{"start":{"line":110,"column":15},"end":{"line":110,"column":153}},"type":"cond-expr","locations":[{"start":{"line":110,"column":53},"end":{"line":110,"column":92}},{"start":{"line":110,"column":95},"end":{"line":110,"column":153}}],"line":110},"12":{"loc":{"start":{"line":129,"column":8},"end":{"line":131,"column":9}},"type":"if","locations":[{"start":{"line":129,"column":8},"end":{"line":131,"column":9}},{"start":{"line":129,"column":8},"end":{"line":131,"column":9}}],"line":129},"13":{"loc":{"start":{"line":133,"column":8},"end":{"line":142,"column":9}},"type":"if","locations":[{"start":{"line":133,"column":8},"end":{"line":142,"column":9}},{"start":{"line":133,"column":8},"end":{"line":142,"column":9}}],"line":133},"14":{"loc":{"start":{"line":134,"column":12},"end":{"line":139,"column":13}},"type":"if","locations":[{"start":{"line":134,"column":12},"end":{"line":139,"column":13}},{"start":{"line":134,"column":12},"end":{"line":139,"column":13}}],"line":134},"15":{"loc":{"start":{"line":134,"column":16},"end":{"line":134,"column":61}},"type":"binary-expr","locations":[{"start":{"line":134,"column":16},"end":{"line":134,"column":31}},{"start":{"line":134,"column":35},"end":{"line":134,"column":61}}],"line":134},"16":{"loc":{"start":{"line":136,"column":19},"end":{"line":139,"column":13}},"type":"if","locations":[{"start":{"line":136,"column":19},"end":{"line":139,"column":13}},{"start":{"line":136,"column":19},"end":{"line":139,"column":13}}],"line":136},"17":{"loc":{"start":{"line":163,"column":12},"end":{"line":167,"column":13}},"type":"if","locations":[{"start":{"line":163,"column":12},"end":{"line":167,"column":13}},{"start":{"line":163,"column":12},"end":{"line":167,"column":13}}],"line":163},"18":{"loc":{"start":{"line":164,"column":23},"end":{"line":164,"column":44}},"type":"cond-expr","locations":[{"start":{"line":164,"column":33},"end":{"line":164,"column":37}},{"start":{"line":164,"column":40},"end":{"line":164,"column":44}}],"line":164},"19":{"loc":{"start":{"line":166,"column":23},"end":{"line":166,"column":44}},"type":"cond-expr","locations":[{"start":{"line":166,"column":33},"end":{"line":166,"column":37}},{"start":{"line":166,"column":40},"end":{"line":166,"column":44}}],"line":166},"20":{"loc":{"start":{"line":177,"column":18},"end":{"line":177,"column":79}},"type":"binary-expr","locations":[{"start":{"line":177,"column":18},"end":{"line":177,"column":48}},{"start":{"line":177,"column":52},"end":{"line":177,"column":69}},{"start":{"line":177,"column":73},"end":{"line":177,"column":79}}],"line":177}},"s":{"0":7,"1":7,"2":37,"3":7,"4":7,"5":3,"6":96,"7":85,"8":7,"9":3,"10":43,"11":37,"12":1,"13":6,"14":62,"15":1,"16":2,"17":4,"18":2,"19":4,"20":2,"21":4,"22":1,"23":2,"24":3,"25":10,"26":2,"27":3,"28":3,"29":3,"30":3,"31":3,"32":3,"33":1,"34":7,"35":7,"36":175,"37":7,"38":7,"39":322,"40":1,"41":321,"42":1,"43":320,"44":320,"45":320,"46":390,"47":7,"48":7,"49":367,"50":280,"51":87,"52":46,"53":5,"54":41,"55":34,"56":34,"57":46,"58":41,"59":41,"60":41,"61":7,"62":2,"63":1,"64":4,"65":2,"66":2,"67":7,"68":29,"69":6,"70":6,"71":7,"72":7,"73":29,"74":29,"75":7,"76":2,"77":7,"78":7,"79":7,"80":7,"81":7},"f":{"0":7,"1":37,"2":7,"3":3,"4":96,"5":85,"6":7,"7":3,"8":43,"9":37,"10":1,"11":6,"12":62,"13":1,"14":2,"15":4,"16":2,"17":4,"18":2,"19":4,"20":1,"21":2,"22":3,"23":10,"24":2,"25":3,"26":1,"27":322,"28":390,"29":367,"30":2,"31":1,"32":4,"33":29,"34":6,"35":29,"36":2},"b":{"0":[35],"1":[4,1],"2":[2,1],"3":[2,1],"4":[3,2],"5":[1,321],"6":[322,321],"7":[1,320],"8":[321,320,3,2],"9":[319,1],"10":[317,2],"11":[6,314],"12":[280,87],"13":[46,41],"14":[5,41],"15":[46,40],"16":[34,7],"17":[2,2],"18":[1,1],"19":[1,1],"20":[6,6,6]},"_coverageSchema":"43e27e138ebf9cfc5966b082cf9a028302ed4184","hash":"515ae3eae691b82d016b4b0a9c67fb44a1824569"}
,"/Users/vklosovych/Desktop/date-master/lang/cs.js": {"path":"/Users/vklosovych/Desktop/date-master/lang/cs.js","statementMap":{"0":{"start":{"line":1,"column":24},"end":{"line":30,"column":1}},"1":{"start":{"line":2,"column":4},"end":{"line":29,"column":7}},"2":{"start":{"line":8,"column":27},"end":{"line":8,"column":83}},"3":{"start":{"line":9,"column":12},"end":{"line":9,"column":59}},"4":{"start":{"line":16,"column":27},"end":{"line":16,"column":83}},"5":{"start":{"line":17,"column":12},"end":{"line":17,"column":64}},"6":{"start":{"line":23,"column":12},"end":{"line":27,"column":13}},"7":{"start":{"line":24,"column":16},"end":{"line":24,"column":35}},"8":{"start":{"line":26,"column":16},"end":{"line":26,"column":35}}},"fnMap":{"0":{"name":"(anonymous_0)","decl":{"start":{"line":1,"column":24},"end":{"line":1,"column":25}},"loc":{"start":{"line":1,"column":46},"end":{"line":30,"column":1}},"line":1},"1":{"name":"(anonymous_1)","decl":{"start":{"line":7,"column":16},"end":{"line":7,"column":17}},"loc":{"start":{"line":7,"column":40},"end":{"line":10,"column":9}},"line":7},"2":{"name":"(anonymous_2)","decl":{"start":{"line":15,"column":21},"end":{"line":15,"column":22}},"loc":{"start":{"line":15,"column":45},"end":{"line":18,"column":9}},"line":15},"3":{"name":"(anonymous_3)","decl":{"start":{"line":22,"column":19},"end":{"line":22,"column":20}},"loc":{"start":{"line":22,"column":35},"end":{"line":28,"column":9}},"line":22}},"branchMap":{"0":{"loc":{"start":{"line":8,"column":27},"end":{"line":8,"column":83}},"type":"cond-expr","locations":[{"start":{"line":8,"column":56},"end":{"line":8,"column":68}},{"start":{"line":8,"column":71},"end":{"line":8,"column":83}}],"line":8},"1":{"loc":{"start":{"line":16,"column":27},"end":{"line":16,"column":83}},"type":"cond-expr","locations":[{"start":{"line":16,"column":56},"end":{"line":16,"column":68}},{"start":{"line":16,"column":71},"end":{"line":16,"column":83}}],"line":16},"2":{"loc":{"start":{"line":23,"column":12},"end":{"line":27,"column":13}},"type":"if","locations":[{"start":{"line":23,"column":12},"end":{"line":27,"column":13}},{"start":{"line":23,"column":12},"end":{"line":27,"column":13}}],"line":23}},"s":{"0":7,"1":8,"2":22,"3":22,"4":24,"5":24,"6":2,"7":1,"8":1},"f":{"0":8,"1":22,"2":24,"3":2},"b":{"0":[11,11],"1":[12,12],"2":[1,1]},"_coverageSchema":"43e27e138ebf9cfc5966b082cf9a028302ed4184","hash":"6eb9acec5a37f27a07800986d5308b52bd13b41b"}
,"/Users/vklosovych/Desktop/date-master/lang/languages.js": {"path":"/Users/vklosovych/Desktop/date-master/lang/languages.js","statementMap":{"0":{"start":{"line":7,"column":18},"end":{"line":13,"column":1}}},"fnMap":{},"branchMap":{},"s":{"0":7},"f":{},"b":{},"_coverageSchema":"43e27e138ebf9cfc5966b082cf9a028302ed4184","hash":"4f7f7bb320fdfe414ca473547671c0c75cadfdcd"}
,"/Users/vklosovych/Desktop/date-master/lang/pl.js": {"path":"/Users/vklosovych/Desktop/date-master/lang/pl.js","statementMap":{"0":{"start":{"line":1,"column":24},"end":{"line":30,"column":1}},"1":{"start":{"line":2,"column":4},"end":{"line":29,"column":7}},"2":{"start":{"line":8,"column":27},"end":{"line":8,"column":83}},"3":{"start":{"line":9,"column":12},"end":{"line":9,"column":59}},"4":{"start":{"line":16,"column":27},"end":{"line":16,"column":83}},"5":{"start":{"line":17,"column":12},"end":{"line":17,"column":64}},"6":{"start":{"line":23,"column":12},"end":{"line":27,"column":13}},"7":{"start":{"line":24,"column":16},"end":{"line":24,"column":30}},"8":{"start":{"line":26,"column":16},"end":{"line":26,"column":26}}},"fnMap":{"0":{"name":"(anonymous_0)","decl":{"start":{"line":1,"column":24},"end":{"line":1,"column":25}},"loc":{"start":{"line":1,"column":46},"end":{"line":30,"column":1}},"line":1},"1":{"name":"(anonymous_1)","decl":{"start":{"line":7,"column":16},"end":{"line":7,"column":17}},"loc":{"start":{"line":7,"column":40},"end":{"line":10,"column":9}},"line":7},"2":{"name":"(anonymous_2)","decl":{"start":{"line":15,"column":21},"end":{"line":15,"column":22}},"loc":{"start":{"line":15,"column":45},"end":{"line":18,"column":9}},"line":15},"3":{"name":"(anonymous_3)","decl":{"start":{"line":22,"column":19},"end":{"line":22,"column":20}},"loc":{"start":{"line":22,"column":35},"end":{"line":28,"column":9}},"line":22}},"branchMap":{"0":{"loc":{"start":{"line":8,"column":27},"end":{"line":8,"column":83}},"type":"cond-expr","locations":[{"start":{"line":8,"column":56},"end":{"line":8,"column":68}},{"start":{"line":8,"column":71},"end":{"line":8,"column":83}}],"line":8},"1":{"loc":{"start":{"line":16,"column":27},"end":{"line":16,"column":83}},"type":"cond-expr","locations":[{"start":{"line":16,"column":56},"end":{"line":16,"column":68}},{"start":{"line":16,"column":71},"end":{"line":16,"column":83}}],"line":16},"2":{"loc":{"start":{"line":23,"column":12},"end":{"line":27,"column":13}},"type":"if","locations":[{"start":{"line":23,"column":12},"end":{"line":27,"column":13}},{"start":{"line":23,"column":12},"end":{"line":27,"column":13}}],"line":23}},"s":{"0":7,"1":8,"2":24,"3":24,"4":24,"5":24,"6":2,"7":1,"8":1},"f":{"0":8,"1":24,"2":24,"3":2},"b":{"0":[12,12],"1":[12,12],"2":[1,1]},"_coverageSchema":"43e27e138ebf9cfc5966b082cf9a028302ed4184","hash":"cb7d4655e8da58fbf2bff7bb1226ed383bc43833"}
,"/Users/vklosovych/Desktop/date-master/lang/tr.js": {"path":"/Users/vklosovych/Desktop/date-master/lang/tr.js","statementMap":{"0":{"start":{"line":1,"column":24},"end":{"line":15,"column":1}},"1":{"start":{"line":2,"column":4},"end":{"line":14,"column":7}},"2":{"start":{"line":5,"column":12},"end":{"line":5,"column":49}},"3":{"start":{"line":9,"column":12},"end":{"line":9,"column":54}}},"fnMap":{"0":{"name":"(anonymous_0)","decl":{"start":{"line":1,"column":24},"end":{"line":1,"column":25}},"loc":{"start":{"line":1,"column":46},"end":{"line":15,"column":1}},"line":1},"1":{"name":"(anonymous_1)","decl":{"start":{"line":4,"column":16},"end":{"line":4,"column":17}},"loc":{"start":{"line":4,"column":32},"end":{"line":6,"column":9}},"line":4},"2":{"name":"(anonymous_2)","decl":{"start":{"line":8,"column":21},"end":{"line":8,"column":22}},"loc":{"start":{"line":8,"column":37},"end":{"line":10,"column":9}},"line":8}},"branchMap":{},"s":{"0":7,"1":4,"2":12,"3":12},"f":{"0":4,"1":12,"2":12},"b":{},"_coverageSchema":"43e27e138ebf9cfc5966b082cf9a028302ed4184","hash":"24cd0df1298f1a54d6a1767bdbaeba544e769767"}
,"/Users/vklosovych/Desktop/date-master/lang/tt.js": {"path":"/Users/vklosovych/Desktop/date-master/lang/tt.js","statementMap":{"0":{"start":{"line":1,"column":24},"end":{"line":15,"column":1}},"1":{"start":{"line":2,"column":4},"end":{"line":14,"column":7}},"2":{"start":{"line":5,"column":12},"end":{"line":5,"column":49}},"3":{"start":{"line":9,"column":12},"end":{"line":9,"column":54}}},"fnMap":{"0":{"name":"(anonymous_0)","decl":{"start":{"line":1,"column":24},"end":{"line":1,"column":25}},"loc":{"start":{"line":1,"column":46},"end":{"line":15,"column":1}},"line":1},"1":{"name":"(anonymous_1)","decl":{"start":{"line":4,"column":16},"end":{"line":4,"column":17}},"loc":{"start":{"line":4,"column":32},"end":{"line":6,"column":9}},"line":4},"2":{"name":"(anonymous_2)","decl":{"start":{"line":8,"column":21},"end":{"line":8,"column":22}},"loc":{"start":{"line":8,"column":37},"end":{"line":10,"column":9}},"line":8}},"branchMap":{},"s":{"0":7,"1":4,"2":12,"3":12},"f":{"0":4,"1":12,"2":12},"b":{},"_coverageSchema":"43e27e138ebf9cfc5966b082cf9a028302ed4184","hash":"e0b88c33c4e4e8d1e93335bfe4fa0c26ca7c1f4f"}
,"/Users/vklosovych/Desktop/date-master/lang/uk.js": {"path":"/Users/vklosovych/Desktop/date-master/lang/uk.js","statementMap":{"0":{"start":{"line":1,"column":24},"end":{"line":30,"column":1}},"1":{"start":{"line":2,"column":4},"end":{"line":29,"column":7}},"2":{"start":{"line":8,"column":27},"end":{"line":8,"column":83}},"3":{"start":{"line":9,"column":12},"end":{"line":9,"column":59}},"4":{"start":{"line":13,"column":12},"end":{"line":13,"column":54}},"5":{"start":{"line":19,"column":12},"end":{"line":27,"column":13}},"6":{"start":{"line":20,"column":16},"end":{"line":20,"column":30}},"7":{"start":{"line":21,"column":19},"end":{"line":27,"column":13}},"8":{"start":{"line":22,"column":16},"end":{"line":22,"column":31}},"9":{"start":{"line":23,"column":19},"end":{"line":27,"column":13}},"10":{"start":{"line":24,"column":16},"end":{"line":24,"column":29}},"11":{"start":{"line":26,"column":16},"end":{"line":26,"column":32}}},"fnMap":{"0":{"name":"(anonymous_0)","decl":{"start":{"line":1,"column":24},"end":{"line":1,"column":25}},"loc":{"start":{"line":1,"column":45},"end":{"line":30,"column":1}},"line":1},"1":{"name":"(anonymous_1)","decl":{"start":{"line":7,"column":16},"end":{"line":7,"column":17}},"loc":{"start":{"line":7,"column":40},"end":{"line":10,"column":9}},"line":7},"2":{"name":"(anonymous_2)","decl":{"start":{"line":12,"column":21},"end":{"line":12,"column":22}},"loc":{"start":{"line":12,"column":37},"end":{"line":14,"column":9}},"line":12},"3":{"name":"(anonymous_3)","decl":{"start":{"line":18,"column":19},"end":{"line":18,"column":20}},"loc":{"start":{"line":18,"column":35},"end":{"line":28,"column":9}},"line":18}},"branchMap":{"0":{"loc":{"start":{"line":8,"column":27},"end":{"line":8,"column":83}},"type":"cond-expr","locations":[{"start":{"line":8,"column":56},"end":{"line":8,"column":68}},{"start":{"line":8,"column":71},"end":{"line":8,"column":83}}],"line":8},"1":{"loc":{"start":{"line":19,"column":12},"end":{"line":27,"column":13}},"type":"if","locations":[{"start":{"line":19,"column":12},"end":{"line":27,"column":13}},{"start":{"line":19,"column":12},"end":{"line":27,"column":13}}],"line":19},"2":{"loc":{"start":{"line":21,"column":19},"end":{"line":27,"column":13}},"type":"if","locations":[{"start":{"line":21,"column":19},"end":{"line":27,"column":13}},{"start":{"line":21,"column":19},"end":{"line":27,"column":13}}],"line":21},"3":{"loc":{"start":{"line":23,"column":19},"end":{"line":27,"column":13}},"type":"if","locations":[{"start":{"line":23,"column":19},"end":{"line":27,"column":13}},{"start":{"line":23,"column":19},"end":{"line":27,"column":13}}],"line":23}},"s":{"0":7,"1":10,"2":24,"3":24,"4":12,"5":4,"6":1,"7":3,"8":1,"9":2,"10":1,"11":1},"f":{"0":10,"1":24,"2":12,"3":4},"b":{"0":[12,12],"1":[1,3],"2":[1,2],"3":[1,1]},"_coverageSchema":"43e27e138ebf9cfc5966b082cf9a028302ed4184","hash":"18037a84b1191cb25dd08827e97bfa90e5a096fa"}
}
