TN:
SF:/Users/vklosovych/Desktop/date-master/unitTestingTaskES6.js
FN:3,(anonymous_0)
FN:13,(anonymous_1)
FN:16,(anonymous_2)
FN:17,(anonymous_3)
FN:18,(anonymous_4)
FN:19,(anonymous_5)
FN:20,(anonymous_6)
FN:21,(anonymous_7)
FN:22,(anonymous_8)
FN:23,(anonymous_9)
FN:24,(anonymous_10)
FN:25,(anonymous_11)
FN:26,(anonymous_12)
FN:27,(anonymous_13)
FN:28,(anonymous_14)
FN:29,(anonymous_15)
FN:30,(anonymous_16)
FN:31,(anonymous_17)
FN:32,(anonymous_18)
FN:33,(anonymous_19)
FN:34,(anonymous_20)
FN:35,(anonymous_21)
FN:36,(anonymous_22)
FN:37,(anonymous_23)
FN:38,(anonymous_24)
FN:39,(anonymous_25)
FN:49,(anonymous_26)
FN:97,(anonymous_27)
FN:110,(anonymous_28)
FN:128,(anonymous_29)
FN:152,(anonymous_30)
FN:156,(anonymous_31)
FN:162,(anonymous_32)
FN:176,(anonymous_33)
FN:176,(anonymous_34)
FN:206,(anonymous_35)
FN:216,(anonymous_36)
FNF:37
FNH:37
FNDA:7,(anonymous_0)
FNDA:37,(anonymous_1)
FNDA:7,(anonymous_2)
FNDA:3,(anonymous_3)
FNDA:96,(anonymous_4)
FNDA:85,(anonymous_5)
FNDA:7,(anonymous_6)
FNDA:3,(anonymous_7)
FNDA:43,(anonymous_8)
FNDA:37,(anonymous_9)
FNDA:1,(anonymous_10)
FNDA:6,(anonymous_11)
FNDA:62,(anonymous_12)
FNDA:1,(anonymous_13)
FNDA:2,(anonymous_14)
FNDA:4,(anonymous_15)
FNDA:2,(anonymous_16)
FNDA:4,(anonymous_17)
FNDA:2,(anonymous_18)
FNDA:4,(anonymous_19)
FNDA:1,(anonymous_20)
FNDA:2,(anonymous_21)
FNDA:3,(anonymous_22)
FNDA:10,(anonymous_23)
FNDA:2,(anonymous_24)
FNDA:3,(anonymous_25)
FNDA:1,(anonymous_26)
FNDA:322,(anonymous_27)
FNDA:390,(anonymous_28)
FNDA:367,(anonymous_29)
FNDA:2,(anonymous_30)
FNDA:1,(anonymous_31)
FNDA:4,(anonymous_32)
FNDA:29,(anonymous_33)
FNDA:6,(anonymous_34)
FNDA:29,(anonymous_35)
FNDA:2,(anonymous_36)
DA:3,7
DA:13,37
DA:15,7
DA:16,7
DA:17,3
DA:18,96
DA:19,85
DA:20,7
DA:21,3
DA:22,43
DA:23,37
DA:24,1
DA:25,6
DA:26,62
DA:27,1
DA:28,2
DA:29,4
DA:30,2
DA:31,4
DA:32,2
DA:33,4
DA:34,1
DA:35,2
DA:36,3
DA:37,10
DA:38,2
DA:40,3
DA:41,3
DA:42,3
DA:43,3
DA:45,3
DA:47,3
DA:49,1
DA:52,7
DA:54,7
DA:55,175
DA:57,7
DA:97,7
DA:98,322
DA:99,1
DA:102,321
DA:103,1
DA:106,320
DA:108,320
DA:110,390
DA:118,7
DA:128,7
DA:129,367
DA:130,280
DA:133,87
DA:134,46
DA:135,5
DA:136,41
DA:137,34
DA:138,34
DA:141,46
DA:144,41
DA:145,41
DA:146,41
DA:150,7
DA:153,2
DA:157,1
DA:163,4
DA:164,2
DA:166,2
DA:176,29
DA:177,6
DA:178,6
DA:186,7
DA:206,7
DA:207,29
DA:208,29
DA:216,7
DA:219,7
DA:220,7
DA:221,7
DA:222,7
DA:224,7
LF:78
LH:78
BRDA:13,0,0,35
BRDA:29,1,0,4
BRDA:29,1,1,1
BRDA:30,2,0,2
BRDA:30,2,1,1
BRDA:43,3,0,2
BRDA:43,3,1,1
BRDA:45,4,0,3
BRDA:45,4,1,2
BRDA:98,5,0,1
BRDA:98,5,1,321
BRDA:98,6,0,322
BRDA:98,6,1,321
BRDA:102,7,0,1
BRDA:102,7,1,320
BRDA:102,8,0,321
BRDA:102,8,1,320
BRDA:102,8,2,3
BRDA:102,8,3,2
BRDA:106,9,0,319
BRDA:106,9,1,1
BRDA:106,10,0,317
BRDA:106,10,1,2
BRDA:110,11,0,6
BRDA:110,11,1,314
BRDA:129,12,0,280
BRDA:129,12,1,87
BRDA:133,13,0,46
BRDA:133,13,1,41
BRDA:134,14,0,5
BRDA:134,14,1,41
BRDA:134,15,0,46
BRDA:134,15,1,40
BRDA:136,16,0,34
BRDA:136,16,1,7
BRDA:163,17,0,2
BRDA:163,17,1,2
BRDA:164,18,0,1
BRDA:164,18,1,1
BRDA:166,19,0,1
BRDA:166,19,1,1
BRDA:177,20,0,6
BRDA:177,20,1,6
BRDA:177,20,2,6
BRF:44
BRH:44
end_of_record
TN:
SF:/Users/vklosovych/Desktop/date-master/lang/cs.js
FN:1,(anonymous_0)
FN:7,(anonymous_1)
FN:15,(anonymous_2)
FN:22,(anonymous_3)
FNF:4
FNH:4
FNDA:8,(anonymous_0)
FNDA:22,(anonymous_1)
FNDA:24,(anonymous_2)
FNDA:2,(anonymous_3)
DA:1,7
DA:2,8
DA:8,22
DA:9,22
DA:16,24
DA:17,24
DA:23,2
DA:24,1
DA:26,1
LF:9
LH:9
BRDA:8,0,0,11
BRDA:8,0,1,11
BRDA:16,1,0,12
BRDA:16,1,1,12
BRDA:23,2,0,1
BRDA:23,2,1,1
BRF:6
BRH:6
end_of_record
TN:
SF:/Users/vklosovych/Desktop/date-master/lang/languages.js
FNF:0
FNH:0
DA:7,7
LF:1
LH:1
BRF:0
BRH:0
end_of_record
TN:
SF:/Users/vklosovych/Desktop/date-master/lang/pl.js
FN:1,(anonymous_0)
FN:7,(anonymous_1)
FN:15,(anonymous_2)
FN:22,(anonymous_3)
FNF:4
FNH:4
FNDA:8,(anonymous_0)
FNDA:24,(anonymous_1)
FNDA:24,(anonymous_2)
FNDA:2,(anonymous_3)
DA:1,7
DA:2,8
DA:8,24
DA:9,24
DA:16,24
DA:17,24
DA:23,2
DA:24,1
DA:26,1
LF:9
LH:9
BRDA:8,0,0,12
BRDA:8,0,1,12
BRDA:16,1,0,12
BRDA:16,1,1,12
BRDA:23,2,0,1
BRDA:23,2,1,1
BRF:6
BRH:6
end_of_record
TN:
SF:/Users/vklosovych/Desktop/date-master/lang/tr.js
FN:1,(anonymous_0)
FN:4,(anonymous_1)
FN:8,(anonymous_2)
FNF:3
FNH:3
FNDA:4,(anonymous_0)
FNDA:12,(anonymous_1)
FNDA:12,(anonymous_2)
DA:1,7
DA:2,4
DA:5,12
DA:9,12
LF:4
LH:4
BRF:0
BRH:0
end_of_record
TN:
SF:/Users/vklosovych/Desktop/date-master/lang/tt.js
FN:1,(anonymous_0)
FN:4,(anonymous_1)
FN:8,(anonymous_2)
FNF:3
FNH:3
FNDA:4,(anonymous_0)
FNDA:12,(anonymous_1)
FNDA:12,(anonymous_2)
DA:1,7
DA:2,4
DA:5,12
DA:9,12
LF:4
LH:4
BRF:0
BRH:0
end_of_record
TN:
SF:/Users/vklosovych/Desktop/date-master/lang/uk.js
FN:1,(anonymous_0)
FN:7,(anonymous_1)
FN:12,(anonymous_2)
FN:18,(anonymous_3)
FNF:4
FNH:4
FNDA:10,(anonymous_0)
FNDA:24,(anonymous_1)
FNDA:12,(anonymous_2)
FNDA:4,(anonymous_3)
DA:1,7
DA:2,10
DA:8,24
DA:9,24
DA:13,12
DA:19,4
DA:20,1
DA:21,3
DA:22,1
DA:23,2
DA:24,1
DA:26,1
LF:12
LH:12
BRDA:8,0,0,12
BRDA:8,0,1,12
BRDA:19,1,0,1
BRDA:19,1,1,3
BRDA:21,2,0,1
BRDA:21,2,1,2
BRDA:23,3,0,1
BRDA:23,3,1,1
BRF:8
BRH:8
end_of_record
